{
  "RSpec": {
    "coverage": {
      "/home/naguihw/Desktop/microverse/ruby-in-rails/private-events/spec/models/event_spec.rb": [
        1,
        null,
        1,
        1,
        1,
        4,
        null,
        null,
        1,
        1,
        1,
        null,
        null,
        1,
        1,
        1,
        null,
        null,
        1,
        1,
        1,
        null,
        null,
        1,
        1,
        1,
        null,
        null,
        null
      ],
      "/home/naguihw/Desktop/microverse/ruby-in-rails/private-events/spec/rails_helper.rb": [
        null,
        1,
        1,
        1,
        null,
        1,
        1,
        1,
        null,
        null,
        null,
        null,
        null,
        null,
        null,
        null,
        null,
        null,
        null,
        null,
        null,
        null,
        null,
        null,
        null,
        null,
        null,
        null,
        1,
        null,
        0,
        0,
        null,
        1,
        null,
        1,
        null,
        null,
        null,
        null,
        1,
        null,
        null,
        null,
        null,
        null,
        null,
        null,
        null,
        null,
        null,
        null,
        null,
        null,
        null,
        1,
        null,
        null,
        1,
        null,
        null,
        null
      ],
      "/home/naguihw/Desktop/microverse/ruby-in-rails/private-events/config/environment.rb": [
        null,
        null,
        null,
        1,
        null,
        null,
        1
      ],
      "/home/naguihw/Desktop/microverse/ruby-in-rails/private-events/config/application.rb": [
        null,
        null,
        1,
        null,
        1,
        null,
        null,
        null,
        1,
        null,
        1,
        1,
        null,
        1,
        null,
        null,
        null,
        null,
        null,
        null,
        null
      ],
      "/home/naguihw/Desktop/microverse/ruby-in-rails/private-events/config/boot.rb": [
        null,
        null,
        1,
        null,
        1,
        1
      ],
      "/home/naguihw/Desktop/microverse/ruby-in-rails/private-events/config/environments/test.rb": [
        null,
        null,
        1,
        null,
        null,
        null,
        null,
        null,
        null,
        1,
        null,
        null,
        null,
        null,
        1,
        null,
        null,
        1,
        1,
        null,
        null,
        null,
        null,
        1,
        1,
        null,
        null,
        1,
        null,
        null,
        1,
        null,
        null,
        1,
        null,
        1,
        null,
        null,
        null,
        null,
        1,
        null,
        null,
        1,
        null,
        null,
        null,
        null
      ],
      "/home/naguihw/Desktop/microverse/ruby-in-rails/private-events/config/initializers/application_controller_renderer.rb": [
        null,
        null,
        null,
        null,
        null,
        null,
        null,
        null,
        null,
        null
      ],
      "/home/naguihw/Desktop/microverse/ruby-in-rails/private-events/config/initializers/assets.rb": [
        null,
        null,
        null,
        null,
        null,
        1,
        null,
        null,
        null,
        null,
        1,
        null,
        null,
        null,
        null,
        null
      ],
      "/home/naguihw/Desktop/microverse/ruby-in-rails/private-events/config/initializers/backtrace_silencers.rb": [
        null,
        null,
        null,
        null,
        null,
        null,
        null,
        null,
        null
      ],
      "/home/naguihw/Desktop/microverse/ruby-in-rails/private-events/config/initializers/content_security_policy.rb": [
        null,
        null,
        null,
        null,
        null,
        null,
        null,
        null,
        null,
        null,
        null,
        null,
        null,
        null,
        null,
        null,
        null,
        null,
        null,
        null,
        null,
        null,
        null,
        null,
        null,
        null,
        null
      ],
      "/home/naguihw/Desktop/microverse/ruby-in-rails/private-events/config/initializers/cookies_serializer.rb": [
        null,
        null,
        null,
        null,
        null,
        null,
        1
      ],
      "/home/naguihw/Desktop/microverse/ruby-in-rails/private-events/config/initializers/filter_parameter_logging.rb": [
        null,
        null,
        null,
        null,
        null,
        1
      ],
      "/home/naguihw/Desktop/microverse/ruby-in-rails/private-events/config/initializers/inflections.rb": [
        null,
        null,
        null,
        null,
        null,
        null,
        null,
        null,
        null,
        null,
        null,
        null,
        null,
        null,
        null,
        null,
        null,
        null
      ],
      "/home/naguihw/Desktop/microverse/ruby-in-rails/private-events/config/initializers/mime_types.rb": [
        null,
        null,
        null,
        null,
        null,
        null
      ],
      "/home/naguihw/Desktop/microverse/ruby-in-rails/private-events/config/initializers/wrap_parameters.rb": [
        null,
        null,
        null,
        null,
        null,
        null,
        null,
        null,
        1,
        2,
        null,
        null,
        null,
        null,
        null,
        null
      ],
      "/home/naguihw/Desktop/microverse/ruby-in-rails/private-events/config/routes.rb": [
        null,
        null,
        1,
        1,
        1,
        1,
        1,
        1,
        1,
        1,
        1,
        1,
        1,
        null
      ],
      "/home/naguihw/Desktop/microverse/ruby-in-rails/private-events/app/helpers/application_helper.rb": [
        null,
        null,
        1,
        1,
        0,
        0,
        0,
        null,
        0,
        null,
        null,
        null
      ],
      "/home/naguihw/Desktop/microverse/ruby-in-rails/private-events/app/helpers/attendances_helper.rb": [
        null,
        null,
        1,
        null
      ],
      "/home/naguihw/Desktop/microverse/ruby-in-rails/private-events/app/helpers/events_helper.rb": [
        null,
        null,
        1,
        null
      ],
      "/home/naguihw/Desktop/microverse/ruby-in-rails/private-events/app/helpers/sessions_helper.rb": [
        null,
        null,
        1,
        1,
        0,
        null,
        null,
        1,
        0,
        0,
        0,
        0,
        null,
        null,
        null,
        1,
        0,
        null,
        null,
        1,
        0,
        0,
        null,
        null,
        1,
        0,
        null,
        null,
        1,
        0,
        0,
        0,
        null,
        null,
        1,
        0,
        0,
        null,
        null
      ],
      "/home/naguihw/Desktop/microverse/ruby-in-rails/private-events/app/helpers/static_pages_helper.rb": [
        null,
        null,
        1,
        null
      ],
      "/home/naguihw/Desktop/microverse/ruby-in-rails/private-events/app/helpers/users_helper.rb": [
        null,
        null,
        1,
        null
      ],
      "/home/naguihw/Desktop/microverse/ruby-in-rails/private-events/app/models/event.rb": [
        null,
        null,
        1,
        1,
        1,
        null,
        1,
        null,
        1,
        1,
        null,
        1,
        1,
        null
      ],
      "/home/naguihw/Desktop/microverse/ruby-in-rails/private-events/app/models/application_record.rb": [
        null,
        null,
        1,
        1,
        null
      ],
      "/home/naguihw/Desktop/microverse/ruby-in-rails/private-events/spec/models/user_spec.rb": [
        1,
        null,
        1,
        1,
        1,
        1,
        1,
        null,
        null,
        1,
        1,
        1,
        null,
        null,
        1,
        1,
        1,
        1,
        null,
        null,
        null
      ],
      "/home/naguihw/Desktop/microverse/ruby-in-rails/private-events/app/models/user.rb": [
        null,
        null,
        1,
        1,
        1,
        null,
        1,
        1,
        null,
        1,
        1,
        null,
        null,
        null,
        1,
        null,
        1,
        1,
        null,
        1,
        5,
        null,
        null,
        1,
        5,
        null,
        null,
        1,
        0,
        0,
        null,
        null,
        1,
        null,
        1,
        5,
        null,
        null,
        1,
        5,
        5,
        null,
        null
      ]
    },
    "timestamp": 1566843021
  }
}
